SF:lib/shared/bridge/rig_bridge.dart
DA:16,1
DA:20,1
DA:26,0
DA:28,0
DA:31,0
LF:5
LH:2
end_of_record
SF:lib/shared/models/financial_summary.dart
DA:6,1
DA:12,0
DA:13,0
DA:14,0
DA:15,0
DA:18,0
DA:19,0
DA:20,0
DA:21,0
LF:9
LH:1
end_of_record
SF:lib/shared/bridge/summary_bridge.dart
DA:7,1
DA:10,2
DA:11,1
LF:3
LH:3
end_of_record
SF:lib/shared/models/transaction_summary.dart
DA:11,0
DA:20,0
DA:21,0
DA:22,0
DA:23,0
DA:24,0
DA:25,0
DA:26,0
DA:27,0
DA:31,0
DA:32,0
DA:33,0
DA:34,0
DA:35,0
DA:36,0
DA:37,0
LF:16
LH:0
end_of_record
SF:lib/shared/bridge/transactions_bridge.dart
DA:7,0
DA:8,0
DA:10,0
DA:11,0
DA:12,0
DA:13,0
DA:14,0
DA:16,0
LF:8
LH:0
end_of_record
