SF:lib/core/app.dart
DA:9,2
DA:11,1
DA:12,1
DA:18,1
DA:20,1
DA:21,2
DA:24,1
DA:26,2
DA:27,1
DA:30,1
DA:32,3
DA:33,3
DA:36,1
DA:37,1
DA:39,1
DA:47,3
DA:48,2
DA:51,1
DA:52,3
DA:53,1
DA:55,1
LF:21
LH:21
end_of_record
SF:lib/core/init.dart
DA:12,1
DA:14,1
DA:18,0
DA:19,0
DA:20,0
DA:23,0
DA:24,0
DA:25,0
DA:27,0
DA:31,0
DA:36,0
DA:39,0
DA:48,0
DA:49,0
LF:14
LH:2
end_of_record
SF:lib/features/auth/appwrite_service.dart
DA:11,1
DA:13,3
DA:24,0
DA:25,0
DA:26,0
DA:29,0
DA:30,0
DA:31,0
DA:32,0
DA:39,0
DA:45,1
DA:47,1
DA:51,0
DA:52,0
DA:53,0
DA:55,0
DA:59,0
DA:60,0
DA:61,0
DA:63,0
DA:70,0
DA:72,0
DA:73,0
DA:74,0
DA:75,0
DA:76,0
DA:77,0
DA:78,0
DA:88,1
DA:94,1
DA:95,0
DA:99,0
DA:103,2
DA:107,0
DA:115,0
DA:116,0
DA:118,0
DA:125,1
DA:126,1
DA:129,2
DA:141,0
DA:142,0
DA:144,0
DA:152,0
DA:153,0
DA:155,0
DA:163,0
DA:164,0
DA:166,0
LF:49
LH:10
end_of_record
SF:lib/features/dashboard/dashboard.dart
DA:11,2
DA:13,1
DA:14,1
DA:22,1
DA:24,1
DA:25,1
DA:28,1
DA:29,2
DA:30,1
DA:33,1
DA:34,1
DA:35,2
DA:36,1
DA:37,1
DA:41,0
DA:42,0
DA:45,2
DA:46,1
DA:51,0
DA:53,1
DA:55,1
DA:56,1
DA:62,1
DA:63,1
DA:64,1
DA:66,1
DA:68,1
DA:70,1
DA:72,1
DA:73,1
DA:74,1
DA:75,1
DA:77,1
DA:81,1
DA:87,1
DA:88,1
DA:91,5
DA:92,2
DA:94,1
DA:100,1
DA:103,5
DA:104,5
DA:117,2
DA:118,1
DA:119,2
DA:120,0
DA:122,1
DA:126,2
DA:127,1
DA:128,1
DA:129,2
DA:132,2
DA:133,1
DA:134,1
DA:137,1
DA:140,1
DA:147,9
DA:149,1
DA:150,1
DA:152,1
DA:153,1
DA:154,1
DA:155,1
DA:156,2
DA:158,1
DA:159,1
DA:161,1
DA:162,2
DA:163,4
DA:170,1
DA:181,1
DA:183,1
DA:184,1
DA:185,1
DA:186,1
DA:187,1
DA:188,1
DA:189,1
DA:202,2
DA:204,1
DA:206,1
DA:207,1
DA:210,1
DA:211,5
DA:213,5
DA:215,5
LF:86
LH:82
end_of_record
SF:lib/shared/chat/chat_service.dart
DA:17,1
DA:20,0
DA:24,0
LF:3
LH:1
end_of_record
SF:lib/shared/chat/chat_providers.dart
DA:6,3
DA:8,0
DA:9,0
DA:10,0
LF:4
LH:1
end_of_record
SF:lib/shared/bridge/inference.dart
DA:17,0
DA:18,0
DA:21,0
DA:22,0
DA:26,0
DA:27,0
DA:32,0
DA:34,0
DA:35,0
DA:43,0
DA:49,0
DA:51,0
DA:53,0
DA:56,0
DA:57,0
DA:58,0
DA:59,0
DA:60,0
DA:69,0
DA:75,0
DA:77,0
DA:85,0
DA:87,0
DA:93,0
DA:95,0
DA:96,0
DA:98,0
DA:99,0
DA:101,0
DA:104,0
DA:105,0
DA:106,0
DA:107,0
DA:117,0
DA:122,0
DA:123,0
DA:125,0
DA:126,0
DA:128,0
DA:131,0
DA:132,0
DA:133,0
LF:42
LH:0
end_of_record
SF:lib/core/router.dart
DA:11,1
DA:13,2
DA:16,4
DA:17,1
DA:20,3
DA:21,1
DA:24,3
DA:26,1
DA:30,1
DA:31,2
DA:32,2
DA:33,2
DA:35,1
DA:36,2
DA:37,2
DA:38,2
DA:39,2
LF:17
LH:17
end_of_record
SF:lib/core/theme.dart
DA:18,1
DA:19,1
DA:36,1
DA:37,2
DA:38,2
DA:39,2
DA:40,1
DA:41,1
DA:42,1
DA:45,1
DA:51,1
DA:52,1
DA:58,1
DA:61,2
DA:62,3
LF:15
LH:15
end_of_record
SF:lib/shared/providers/model_ready_provider.dart
DA:5,4
LF:1
LH:1
end_of_record
SF:lib/shared/bridge/lumi_core_bridge.dart
DA:12,0
DA:13,0
DA:14,0
DA:15,0
DA:16,0
DA:17,0
DA:18,0
DA:19,0
DA:20,0
DA:21,0
DA:23,0
DA:32,0
DA:34,0
DA:38,0
DA:39,0
DA:40,0
DA:41,0
DA:44,0
DA:59,0
DA:60,0
DA:66,0
DA:68,0
DA:69,0
DA:71,0
DA:72,0
DA:75,0
DA:76,0
DA:77,0
DA:86,0
DA:87,0
DA:88,0
DA:90,0
DA:95,0
DA:103,0
DA:114,1
DA:120,1
DA:129,1
DA:130,1
LF:38
LH:4
end_of_record
SF:lib/shared/bridge/frb_generated.dart
DA:28,3
DA:30,1
DA:33,1
DA:39,2
DA:49,0
DA:52,0
DA:61,0
DA:63,0
DA:67,0
DA:71,0
DA:74,1
DA:78,1
DA:81,0
DA:288,0
DA:295,0
DA:298,0
DA:299,0
DA:300,0
DA:301,0
DA:303,0
DA:305,0
DA:307,0
DA:311,0
DA:312,0
DA:317,0
DA:324,0
DA:327,0
DA:328,0
DA:329,0
DA:330,0
DA:332,0
DA:334,0
DA:336,0
DA:337,0
DA:341,0
DA:342,0
DA:347,0
DA:354,0
DA:357,0
DA:358,0
DA:359,0
DA:360,0
DA:362,0
DA:363,0
DA:366,0
DA:368,0
DA:371,0
DA:372,0
DA:377,0
DA:383,0
DA:385,0
DA:386,0
DA:387,0
DA:388,0
DA:389,0
DA:390,0
DA:391,0
DA:394,0
DA:395,0
DA:396,0
DA:398,0
DA:399,0
DA:402,0
DA:405,0
DA:410,0
DA:412,0
DA:413,0
DA:414,0
DA:415,0
DA:416,0
DA:419,0
DA:420,0
DA:421,0
DA:423,0
DA:424,0
DA:429,0
DA:435,0
DA:437,0
DA:438,0
DA:439,0
DA:440,0
DA:443,0
DA:444,0
DA:447,0
DA:448,0
DA:453,0
DA:459,0
DA:461,0
DA:462,0
DA:463,0
DA:464,0
DA:467,0
DA:468,0
DA:471,0
DA:472,0
DA:477,0
DA:483,0
DA:486,0
DA:487,0
DA:488,0
DA:489,0
DA:491,0
DA:492,0
DA:494,0
DA:497,0
DA:498,0
DA:499,0
DA:501,0
DA:502,0
DA:507,0
DA:513,0
DA:515,0
DA:516,0
DA:517,0
DA:518,0
DA:520,0
DA:523,0
DA:524,0
DA:525,0
DA:527,0
DA:528,0
DA:533,0
DA:539,0
DA:541,0
DA:542,0
DA:543,0
DA:544,0
DA:547,0
DA:548,0
DA:551,0
DA:552,0
DA:557,0
DA:562,0
DA:564,0
DA:565,0
DA:566,0
DA:567,0
DA:568,0
DA:571,0
DA:572,0
DA:573,0
DA:575,0
DA:576,0
DA:581,0
DA:586,0
DA:588,0
DA:589,0
DA:590,0
DA:591,0
DA:593,0
DA:596,0
DA:597,0
DA:598,0
DA:600,0
DA:601,0
DA:606,0
DA:611,0
DA:613,0
DA:614,0
DA:615,0
DA:616,0
DA:617,0
DA:620,0
DA:621,0
DA:622,0
DA:624,0
DA:625,0
DA:630,0
DA:635,0
DA:641,0
DA:642,0
DA:643,0
DA:644,0
DA:645,0
DA:646,0
DA:647,0
DA:648,0
DA:651,0
DA:652,0
DA:653,0
DA:655,0
DA:656,0
DA:661,0
DA:667,0
DA:670,0
DA:671,0
DA:672,0
DA:673,0
DA:674,0
DA:677,0
DA:678,0
DA:679,0
DA:681,0
DA:682,0
DA:687,0
DA:693,0
DA:696,0
DA:697,0
DA:698,0
DA:699,0
DA:700,0
DA:701,0
DA:704,0
DA:705,0
DA:708,0
DA:709,0
DA:714,0
DA:720,0
DA:723,0
DA:724,0
DA:725,0
DA:726,0
DA:727,0
DA:730,0
DA:731,0
DA:734,0
DA:735,0
DA:740,0
DA:746,0
DA:748,0
DA:749,0
DA:750,0
DA:751,0
DA:752,0
DA:755,0
DA:756,0
DA:757,0
DA:759,0
DA:760,0
DA:765,0
DA:770,0
DA:773,0
DA:774,0
DA:775,0
DA:776,0
DA:777,0
DA:780,0
DA:781,0
DA:784,0
DA:785,0
DA:790,0
DA:796,0
DA:799,0
DA:800,0
DA:801,0
DA:802,0
DA:803,0
DA:806,0
DA:807,0
DA:810,0
DA:811,0
DA:816,0
DA:822,0
DA:825,0
DA:826,0
DA:827,0
DA:828,0
DA:829,0
DA:830,0
DA:833,0
DA:834,0
DA:835,0
DA:837,0
DA:838,0
DA:843,0
DA:848,0
DA:850,0
DA:851,0
DA:852,0
DA:853,0
DA:854,0
DA:857,0
DA:858,0
DA:859,0
DA:861,0
DA:862,0
DA:867,0
DA:872,0
DA:875,0
DA:876,0
DA:877,0
DA:878,0
DA:880,0
DA:881,0
DA:884,0
DA:885,0
DA:886,0
DA:888,0
DA:889,0
DA:894,0
DA:900,0
DA:903,0
DA:904,0
DA:905,0
DA:906,0
DA:907,0
DA:908,0
DA:909,0
DA:910,0
DA:913,0
DA:914,0
DA:915,0
DA:917,0
DA:918,0
DA:921,0
DA:924,0
DA:929,0
DA:932,0
DA:933,0
DA:934,0
DA:935,0
DA:936,0
DA:937,0
DA:940,0
DA:941,0
DA:944,0
DA:945,0
DA:950,0
DA:956,0
DA:959,0
DA:960,0
DA:961,0
DA:962,0
DA:963,0
DA:964,0
DA:967,0
DA:968,0
DA:969,0
DA:971,0
DA:972,0
DA:977,0
DA:983,0
DA:986,0
DA:987,0
DA:988,0
DA:989,0
DA:990,0
DA:991,0
DA:994,0
DA:995,0
DA:998,0
DA:999,0
DA:1004,0
DA:1010,0
DA:1013,0
DA:1014,0
DA:1015,0
DA:1016,0
DA:1017,0
DA:1020,0
DA:1021,0
DA:1024,0
DA:1025,0
DA:1030,0
DA:1036,0
DA:1043,0
DA:1044,0
DA:1045,0
DA:1046,0
DA:1047,0
DA:1048,0
DA:1049,0
DA:1050,0
DA:1051,0
DA:1054,0
DA:1055,0
DA:1056,0
DA:1058,0
DA:1059,0
DA:1064,0
DA:1075,0
DA:1083,0
DA:1084,0
DA:1085,0
DA:1086,0
DA:1088,0
DA:1089,0
DA:1090,0
DA:1091,0
DA:1092,0
DA:1093,0
DA:1096,0
DA:1097,0
DA:1098,0
DA:1100,0
DA:1101,0
DA:1113,0
DA:1126,0
DA:1134,0
DA:1135,0
DA:1136,0
DA:1137,0
DA:1138,0
DA:1139,0
DA:1140,0
DA:1141,0
DA:1142,0
DA:1143,0
DA:1146,0
DA:1147,0
DA:1148,0
DA:1150,0
DA:1151,0
DA:1156,0
DA:1168,0
DA:1177,0
DA:1178,0
DA:1179,0
DA:1180,0
DA:1182,0
DA:1183,0
DA:1184,0
DA:1185,0
DA:1186,0
DA:1187,0
DA:1189,0
DA:1192,0
DA:1193,0
DA:1194,0
DA:1196,0
DA:1197,0
DA:1202,0
DA:1216,0
DA:1221,0
DA:1222,0
DA:1223,0
DA:1224,0
DA:1225,0
DA:1226,0
DA:1227,0
DA:1230,0
DA:1231,0
DA:1232,0
DA:1234,0
DA:1235,0
DA:1240,0
DA:1246,0
DA:1248,0
DA:1249,0
DA:1250,0
DA:1251,0
DA:1254,0
DA:1255,0
DA:1258,0
DA:1259,0
DA:1264,0
DA:1269,0
DA:1271,0
DA:1272,0
DA:1273,0
DA:1274,0
DA:1277,0
DA:1278,0
DA:1281,0
DA:1282,0
DA:1287,0
DA:1292,0
DA:1295,0
DA:1296,0
DA:1297,0
DA:1298,0
DA:1299,0
DA:1302,0
DA:1303,0
DA:1304,0
DA:1306,0
DA:1307,0
DA:1312,0
DA:1318,0
DA:1321,0
DA:1322,0
DA:1323,0
DA:1324,0
DA:1325,0
DA:1328,0
DA:1329,0
DA:1330,0
DA:1332,0
DA:1333,0
DA:1338,0
DA:1344,0
DA:1347,0
DA:1348,0
DA:1349,0
DA:1350,0
DA:1351,0
DA:1352,0
DA:1353,0
DA:1354,0
DA:1357,0
DA:1358,0
DA:1359,0
DA:1361,0
DA:1362,0
DA:1367,0
DA:1373,0
DA:1380,0
DA:1381,0
DA:1382,0
DA:1383,0
DA:1385,0
DA:1387,0
DA:1389,0
DA:1391,0
DA:1392,0
DA:1395,0
DA:1396,0
DA:1397,0
DA:1399,0
DA:1400,0
DA:1405,0
DA:1411,0
DA:1414,0
DA:1415,0
DA:1416,0
DA:1417,0
DA:1418,0
DA:1421,0
DA:1422,0
DA:1425,0
DA:1426,0
DA:1431,0
DA:1437,0
DA:1440,0
DA:1441,0
DA:1442,0
DA:1443,0
DA:1444,0
DA:1445,0
DA:1448,0
DA:1449,0
DA:1450,0
DA:1452,0
DA:1453,0
DA:1458,0
DA:1463,0
DA:1469,0
DA:1470,0
DA:1471,0
DA:1472,0
DA:1473,0
DA:1474,0
DA:1475,0
DA:1476,0
DA:1479,0
DA:1480,0
DA:1481,0
DA:1483,0
DA:1484,0
DA:1489,0
DA:1495,0
DA:1497,0
DA:1498,0
DA:1499,0
DA:1500,0
DA:1501,0
DA:1504,0
DA:1505,0
DA:1508,0
DA:1509,0
DA:1514,0
DA:1520,0
DA:1522,0
DA:1523,0
DA:1524,0
DA:1525,0
DA:1526,0
DA:1529,0
DA:1530,0
DA:1533,0
DA:1534,0
DA:1539,0
DA:1545,0
DA:1547,0
DA:1548,0
DA:1549,0
DA:1550,0
DA:1551,0
DA:1554,0
DA:1555,0
DA:1558,0
DA:1559,0
DA:1564,0
DA:1570,0
DA:1572,0
DA:1573,0
DA:1574,0
DA:1575,0
DA:1576,0
DA:1579,0
DA:1580,0
DA:1581,0
DA:1583,0
DA:1584,0
DA:1589,0
DA:1594,0
DA:1599,0
DA:1600,0
DA:1601,0
DA:1602,0
DA:1603,0
DA:1604,0
DA:1605,0
DA:1608,0
DA:1609,0
DA:1610,0
DA:1612,0
DA:1613,0
DA:1618,0
DA:1623,0
DA:1624,0
DA:1625,0
DA:1627,0
DA:1628,0
DA:1629,0
DA:1631,0
DA:1632,0
DA:1634,0
DA:1635,0
DA:1637,0
DA:1638,0
DA:1639,0
DA:1641,0
DA:1642,0
DA:1643,0
DA:1645,0
DA:1646,0
DA:1647,0
DA:1649,0
DA:1650,0
DA:1651,0
DA:1653,0
DA:1654,0
DA:1656,0
DA:1657,0
DA:1659,0
DA:1662,0
DA:1665,0
DA:1670,0
DA:1673,0
DA:1678,0
DA:1681,0
DA:1686,0
DA:1689,0
DA:1694,0
DA:1697,0
DA:1702,0
DA:1705,0
DA:1710,0
DA:1713,0
DA:1717,0
DA:1720,0
DA:1725,0
DA:1728,0
DA:1733,0
DA:1736,0
DA:1741,0
DA:1744,0
DA:1749,0
DA:1752,0
DA:1756,0
DA:1759,0
DA:1763,0
DA:1766,0
DA:1770,0
DA:1773,0
DA:1779,0
DA:1783,0
DA:1784,0
DA:1785,0
DA:1786,0
DA:1787,0
DA:1788,0
DA:1792,0
DA:1798,0
DA:1802,0
DA:1806,0
DA:1812,0
DA:1815,0
DA:1818,0
DA:1821,0
DA:1824,0
DA:1827,0
DA:1830,0
DA:1836,0
DA:1842,0
DA:1848,0
DA:1852,0
DA:1853,0
DA:1854,0
DA:1855,0
DA:1856,0
DA:1857,0
DA:1858,0
DA:1859,0
DA:1860,0
DA:1864,0
DA:1870,0
DA:1873,0
DA:1876,0
DA:1880,0
DA:1881,0
DA:1882,0
DA:1883,0
DA:1884,0
DA:1885,0
DA:1889,0
DA:1893,0
DA:1894,0
DA:1895,0
DA:1896,0
DA:1897,0
DA:1901,0
DA:1905,0
DA:1906,0
DA:1907,0
DA:1908,0
DA:1909,0
DA:1913,0
DA:1916,0
DA:1919,0
DA:1922,0
DA:1925,0
DA:1931,0
DA:1937,0
DA:1943,0
DA:1949,0
DA:1954,0
DA:1955,0
DA:1958,0
DA:1961,0
DA:1964,0
DA:1967,0
DA:1970,0
DA:1974,0
DA:1975,0
DA:1976,0
DA:1977,0
DA:1981,0
DA:1985,0
DA:1986,0
DA:1987,0
DA:1988,0
DA:1992,0
DA:1996,0
DA:1997,0
DA:1998,0
DA:1999,0
DA:2000,0
DA:2004,0
DA:2007,0
DA:2010,0
DA:2013,0
DA:2016,0
DA:2019,0
DA:2022,0
DA:2029,0
DA:2033,0
DA:2036,0
DA:2039,0
DA:2042,0
DA:2045,0
DA:2049,0
DA:2050,0
DA:2051,0
DA:2052,0
DA:2053,0
DA:2054,0
DA:2055,0
DA:2056,0
DA:2060,0
DA:2065,0
DA:2066,0
DA:2069,0
DA:2070,0
DA:2074,0
DA:2078,0
DA:2079,0
DA:2082,0
DA:2083,0
DA:2084,0
DA:2088,0
DA:2092,0
DA:2093,0
DA:2096,0
DA:2097,0
DA:2101,0
DA:2105,0
DA:2106,0
DA:2107,0
DA:2108,0
DA:2109,0
DA:2110,0
DA:2111,0
DA:2112,0
DA:2113,0
DA:2114,0
DA:2118,0
DA:2124,0
DA:2130,0
DA:2136,0
DA:2139,0
DA:2142,0
DA:2145,0
DA:2146,0
DA:2149,0
DA:2154,0
DA:2155,0
DA:2158,0
DA:2163,0
DA:2164,0
DA:2167,0
DA:2172,0
DA:2173,0
DA:2176,0
DA:2181,0
DA:2182,0
DA:2185,0
DA:2190,0
DA:2191,0
DA:2194,0
DA:2199,0
DA:2200,0
DA:2203,0
DA:2207,0
DA:2208,0
DA:2211,0
DA:2216,0
DA:2217,0
DA:2220,0
DA:2225,0
DA:2226,0
DA:2229,0
DA:2234,0
DA:2235,0
DA:2238,0
DA:2243,0
DA:2244,0
DA:2247,0
DA:2251,0
DA:2252,0
DA:2255,0
DA:2259,0
DA:2262,0
DA:2266,0
DA:2269,0
DA:2272,0
DA:2273,0
DA:2276,0
DA:2279,0
DA:2280,0
DA:2281,0
DA:2282,0
DA:2288,0
DA:2291,0
DA:2294,0
DA:2298,0
DA:2302,0
DA:2305,0
DA:2308,0
DA:2312,0
DA:2315,0
DA:2318,0
DA:2321,0
DA:2325,0
DA:2328,0
DA:2331,0
DA:2334,0
DA:2337,0
DA:2340,0
DA:2343,0
DA:2346,0
DA:2349,0
DA:2350,0
DA:2351,0
DA:2352,0
DA:2353,0
DA:2354,0
DA:2355,0
DA:2364,0
DA:2367,0
DA:2370,0
DA:2373,0
DA:2376,0
DA:2379,0
DA:2380,0
DA:2381,0
DA:2382,0
DA:2388,0
DA:2391,0
DA:2392,0
DA:2393,0
DA:2396,0
DA:2399,0
DA:2400,0
DA:2401,0
DA:2404,0
DA:2408,0
DA:2409,0
DA:2410,0
DA:2411,0
DA:2416,0
DA:2420,0
DA:2421,0
DA:2422,0
DA:2423,0
DA:2428,0
DA:2431,0
DA:2432,0
DA:2435,0
DA:2438,0
DA:2439,0
DA:2442,0
DA:2445,0
DA:2446,0
DA:2449,0
DA:2452,0
DA:2453,0
DA:2456,0
DA:2461,0
DA:2462,0
DA:2463,0
DA:2464,0
DA:2469,0
DA:2474,0
DA:2475,0
DA:2476,0
DA:2477,0
DA:2482,0
DA:2487,0
DA:2488,0
DA:2489,0
DA:2490,0
DA:2495,0
DA:2498,0
DA:2499,0
DA:2502,0
DA:2505,0
DA:2506,0
DA:2509,0
DA:2512,0
DA:2513,0
DA:2514,0
DA:2517,0
DA:2520,0
DA:2521,0
DA:2524,0
DA:2527,0
DA:2528,0
DA:2531,0
DA:2535,0
DA:2536,0
DA:2542,0
DA:2548,0
DA:2549,0
DA:2556,0
DA:2560,0
DA:2561,0
DA:2567,0
DA:2571,0
DA:2572,0
DA:2578,0
DA:2581,0
DA:2582,0
DA:2583,0
DA:2584,0
DA:2585,0
DA:2586,0
DA:2594,0
DA:2598,0
DA:2599,0
DA:2603,0
DA:2607,0
DA:2608,0
DA:2609,0
DA:2613,0
DA:2616,0
DA:2617,0
DA:2621,0
DA:2625,0
DA:2626,0
DA:2627,0
DA:2628,0
DA:2629,0
DA:2630,0
DA:2631,0
DA:2632,0
DA:2642,0
DA:2645,0
DA:2648,0
DA:2651,0
DA:2654,0
DA:2659,0
DA:2662,0
DA:2665,0
DA:2669,0
DA:2672,0
DA:2677,0
DA:2678,0
DA:2682,0
DA:2687,0
DA:2688,0
DA:2691,0
DA:2696,0
DA:2697,0
DA:2701,0
DA:2706,0
DA:2707,0
DA:2711,0
DA:2716,0
DA:2717,0
DA:2720,0
DA:2725,0
DA:2726,0
DA:2729,0
DA:2734,0
DA:2735,0
DA:2738,0
DA:2743,0
DA:2744,0
DA:2748,0
DA:2753,0
DA:2754,0
DA:2757,0
DA:2762,0
DA:2763,0
DA:2766,0
DA:2771,0
DA:2772,0
DA:2775,0
DA:2780,0
DA:2781,0
DA:2784,0
DA:2788,0
DA:2789,0
DA:2790,0
DA:2791,0
DA:2792,0
DA:2797,0
DA:2801,0
DA:2802,0
DA:2803,0
DA:2804,0
DA:2805,0
DA:2810,0
DA:2813,0
DA:2816,0
DA:2819,0
DA:2820,0
DA:2821,0
DA:2824,0
DA:2827,0
DA:2830,0
DA:2835,0
DA:2839,0
DA:2842,0
DA:2845,0
DA:2849,0
DA:2852,0
DA:2856,0
DA:2859,0
DA:2863,0
DA:2866,0
DA:2869,0
DA:2872,0
DA:2875,0
DA:2878,0
DA:2881,0
DA:2884,0
DA:2888,0
DA:2889,0
DA:2890,0
DA:2891,0
DA:2892,0
DA:2893,0
DA:2896,0
DA:2899,0
DA:2902,0
DA:2905,0
DA:2908,0
DA:2912,0
DA:2913,0
DA:2914,0
DA:2917,0
DA:2921,0
DA:2922,0
DA:2925,0
DA:2928,0
DA:2929,0
DA:2932,0
DA:2935,0
DA:2936,0
DA:2937,0
DA:2941,0
DA:2945,0
DA:2946,0
DA:2947,0
DA:2951,0
DA:2955,0
DA:2956,0
DA:2957,0
DA:2960,0
DA:2964,0
DA:2965,0
DA:2968,0
DA:2972,0
DA:2973,0
DA:2974,0
DA:2977,0
DA:2981,0
DA:2982,0
DA:2985,0
DA:2989,0
DA:2990,0
DA:2991,0
DA:2995,0
DA:2999,0
DA:3000,0
DA:3001,0
DA:3005,0
DA:3009,0
DA:3010,0
DA:3011,0
DA:3015,0
DA:3019,0
DA:3022,0
DA:3025,0
DA:3028,0
DA:3032,0
DA:3033,0
DA:3036,0
DA:3039,0
DA:3042,0
DA:3045,0
DA:3048,0
DA:3052,0
DA:3054,0
DA:3058,0
DA:3064,0
DA:3066,0
DA:3071,0
DA:3075,0
DA:3077,0
DA:3081,0
DA:3085,0
DA:3087,0
DA:3091,0
DA:3094,0
DA:3095,0
DA:3096,0
DA:3097,0
DA:3098,0
DA:3101,0
DA:3105,0
DA:3106,0
DA:3109,0
DA:3113,0
DA:3114,0
DA:3115,0
DA:3118,0
DA:3122,0
DA:3123,0
DA:3126,0
DA:3130,0
DA:3131,0
DA:3132,0
DA:3133,0
DA:3134,0
DA:3135,0
DA:3136,0
DA:3139,0
DA:3142,0
DA:3145,0
DA:3148,0
DA:3151,0
DA:3156,0
DA:3159,0
DA:3166,0
DA:3167,0
DA:3170,0
DA:3171,0
DA:3173,0
DA:3175,0
DA:3177,0
DA:3179,0
DA:3182,0
DA:3183,0
DA:3187,0
DA:3188,0
DA:3191,0
DA:3192,0
DA:3198,0
DA:3199,0
DA:3202,0
DA:3203,0
DA:3205,0
DA:3207,0
DA:3209,0
DA:3211,0
DA:3218,0
DA:3219,0
DA:3222,0
DA:3223,0
DA:3225,0
DA:3227,0
DA:3229,0
DA:3231,0
DA:3238,0
DA:3239,0
DA:3242,0
DA:3243,0
DA:3245,0
DA:3247,0
DA:3249,0
DA:3251,0
DA:3258,0
DA:3259,0
DA:3262,0
DA:3263,0
DA:3265,0
DA:3267,0
DA:3269,0
DA:3271,0
LF:1223
LH:6
end_of_record
SF:lib/core/model_router.dart
DA:14,0
DA:15,0
DA:16,0
DA:17,0
DA:19,0
LF:5
LH:0
end_of_record
SF:lib/features/auth/login_screen.dart
DA:11,2
DA:13,1
DA:14,1
DA:22,1
DA:24,2
DA:25,2
DA:26,1
DA:29,1
DA:30,1
DA:31,1
DA:32,1
DA:36,1
DA:37,1
DA:38,2
DA:42,1
DA:43,2
DA:45,1
DA:47,3
DA:48,2
DA:50,5
DA:52,1
DA:53,3
DA:54,2
DA:55,0
DA:56,0
DA:62,1
DA:64,3
DA:65,2
DA:67,1
DA:69,1
DA:70,1
DA:71,1
DA:73,1
DA:75,1
DA:76,1
DA:79,1
DA:80,4
DA:82,4
DA:84,1
DA:85,1
DA:86,1
DA:87,1
DA:88,1
DA:90,1
DA:93,1
DA:97,1
DA:99,1
DA:102,1
DA:106,1
DA:108,1
DA:110,1
DA:121,1
DA:122,2
LF:53
LH:51
end_of_record
SF:lib/features/auth/sign_up_screen.dart
DA:12,2
DA:14,1
DA:15,1
DA:25,1
DA:27,2
DA:28,2
DA:29,2
DA:30,1
DA:33,1
DA:34,2
DA:38,1
DA:39,1
DA:40,1
DA:41,1
DA:45,1
DA:46,1
DA:47,2
DA:51,1
DA:52,1
DA:53,4
DA:54,4
DA:55,3
DA:58,1
DA:59,2
DA:61,1
DA:62,1
DA:64,3
DA:65,3
DA:66,2
DA:68,5
DA:70,1
DA:71,3
DA:72,2
DA:73,0
DA:74,0
DA:80,1
DA:82,3
DA:83,2
DA:85,1
DA:87,1
DA:88,1
DA:89,1
DA:91,1
DA:93,1
DA:94,1
DA:97,1
DA:98,4
DA:100,4
DA:102,1
DA:103,1
DA:104,1
DA:105,1
DA:106,1
DA:108,1
DA:110,1
DA:114,1
DA:116,1
DA:119,1
DA:123,1
DA:125,1
DA:128,1
DA:132,1
DA:133,1
DA:134,1
DA:136,1
DA:137,4
DA:143,1
DA:145,1
DA:147,2
DA:158,1
DA:159,0
LF:71
LH:68
end_of_record
SF:lib/features/auth/auth_notifier.dart
DA:10,1
DA:12,2
DA:13,2
DA:14,2
DA:15,0
DA:17,0
DA:18,0
DA:19,0
DA:24,2
DA:26,1
DA:27,1
DA:29,2
DA:30,1
DA:32,0
DA:36,1
DA:37,1
DA:39,2
DA:40,2
DA:41,1
DA:43,0
DA:47,0
DA:48,0
DA:50,0
DA:51,0
DA:53,0
DA:58,5
LF:26
LH:15
end_of_record
SF:lib/shared/widgets/lumi_text_field.dart
DA:18,1
DA:28,1
DA:30,1
DA:32,1
DA:33,1
DA:34,1
DA:35,1
DA:36,1
DA:37,1
DA:38,1
DA:39,1
DA:40,1
DA:41,1
DA:45,1
DA:46,1
DA:49,1
DA:50,1
DA:51,1
DA:53,1
DA:54,1
DA:55,1
DA:56,1
DA:61,3
LF:23
LH:23
end_of_record
SF:lib/features/chat/widgets/insight_card.dart
DA:9,0
DA:11,0
DA:13,0
DA:15,0
DA:16,0
DA:17,0
DA:18,0
DA:19,0
DA:22,0
DA:23,0
DA:24,0
DA:28,0
DA:31,0
DA:32,0
DA:34,0
DA:35,0
DA:37,0
DA:39,0
DA:40,0
DA:41,0
DA:45,0
DA:47,0
DA:48,0
DA:49,0
DA:53,0
DA:55,0
DA:56,0
DA:57,0
DA:64,0
DA:65,0
DA:66,0
DA:68,0
DA:69,0
DA:71,0
DA:73,0
DA:75,0
DA:76,0
DA:77,0
DA:78,0
DA:79,0
DA:81,0
DA:84,0
DA:90,0
DA:91,0
DA:92,0
LF:45
LH:0
end_of_record
SF:lib/shared/models/financial_summary.dart
DA:6,1
DA:12,0
DA:13,0
DA:14,0
DA:15,0
DA:18,0
DA:19,0
DA:20,0
DA:21,0
LF:9
LH:1
end_of_record
SF:lib/features/transactions/widgets/transaction_card.dart
DA:13,0
DA:23,0
DA:25,0
DA:27,0
DA:29,0
DA:30,0
DA:32,0
DA:33,0
DA:35,0
DA:37,0
DA:39,0
DA:40,0
DA:43,0
DA:44,0
DA:46,0
DA:47,0
DA:48,0
DA:49,0
DA:50,0
DA:51,0
DA:52,0
DA:55,0
DA:56,0
DA:59,0
DA:60,0
DA:61,0
DA:63,0
DA:65,0
DA:66,0
DA:74,0
DA:75,0
DA:76,0
DA:77,0
DA:78,0
DA:81,0
DA:82,0
DA:83,0
DA:91,0
DA:93,0
DA:94,0
DA:95,0
DA:96,0
DA:99,0
DA:100,0
DA:101,0
DA:103,0
DA:106,0
DA:108,0
DA:111,0
DA:113,0
DA:126,0
DA:127,0
DA:128,0
DA:129,0
LF:54
LH:0
end_of_record
SF:lib/shared/models/transaction_summary.dart
DA:11,1
DA:20,0
DA:21,0
DA:22,0
DA:23,0
DA:24,0
DA:25,0
DA:26,0
DA:27,0
DA:31,0
DA:32,0
DA:33,0
DA:34,0
DA:35,0
DA:36,0
DA:37,0
LF:16
LH:1
end_of_record
SF:lib/shared/widgets/lumi_card.dart
DA:15,1
DA:23,1
DA:25,1
DA:26,2
DA:27,1
DA:28,1
DA:29,1
DA:31,1
DA:32,1
DA:33,1
DA:34,1
DA:35,1
DA:36,1
DA:37,2
DA:38,1
DA:39,1
DA:40,1
DA:46,1
LF:18
LH:18
end_of_record
SF:lib/widgets/floating_nav_bar.dart
DA:13,1
DA:17,1
DA:19,1
DA:21,1
DA:23,1
DA:24,1
DA:25,2
DA:26,1
DA:28,1
DA:29,1
DA:30,1
DA:31,1
DA:32,1
DA:34,1
DA:36,1
DA:37,1
DA:38,1
DA:39,1
DA:44,1
DA:45,1
DA:49,1
DA:52,1
LF:22
LH:22
end_of_record
SF:lib/shared/bridge/rig_bridge.dart
DA:17,1
DA:19,1
DA:21,0
DA:22,0
DA:23,0
DA:24,0
DA:28,1
DA:35,1
DA:38,1
DA:39,0
DA:40,0
DA:41,0
DA:42,0
DA:43,0
DA:44,0
DA:45,0
DA:46,0
DA:50,1
DA:52,0
LF:19
LH:6
end_of_record
SF:lib/features/home/home_impl.dart
DA:21,2
DA:25,1
DA:26,1
DA:36,1
DA:38,2
DA:39,1
DA:40,1
DA:44,0
DA:45,0
DA:46,0
DA:47,0
DA:48,0
DA:49,0
DA:50,0
DA:53,0
DA:55,0
DA:58,0
DA:61,0
DA:64,0
DA:75,0
DA:77,0
DA:78,0
DA:80,0
DA:84,0
DA:85,0
DA:86,0
DA:89,0
DA:92,0
DA:93,0
DA:95,0
DA:96,0
DA:97,0
DA:100,0
DA:102,0
DA:104,0
DA:106,0
DA:107,0
DA:108,0
DA:110,0
DA:111,0
DA:113,0
DA:114,0
DA:115,0
DA:116,0
DA:119,0
DA:120,0
DA:121,0
DA:122,0
DA:123,0
DA:124,0
DA:126,0
DA:127,0
DA:128,0
DA:129,0
DA:134,1
DA:136,1
DA:138,1
DA:139,1
DA:141,1
DA:142,1
DA:143,1
DA:145,1
DA:147,1
DA:148,1
DA:149,1
DA:150,1
DA:151,1
DA:153,1
DA:154,1
DA:155,1
DA:157,1
DA:158,1
DA:159,5
DA:160,1
DA:161,1
DA:170,1
DA:171,1
DA:173,2
DA:183,1
DA:187,1
DA:189,1
DA:192,1
DA:193,1
DA:194,2
DA:195,1
DA:196,1
DA:198,1
DA:202,1
DA:205,2
DA:208,1
DA:216,1
DA:220,1
DA:221,1
DA:222,1
DA:223,1
DA:224,1
DA:225,1
DA:231,2
DA:240,2
DA:242,1
DA:244,2
DA:246,0
DA:247,0
DA:249,0
DA:250,0
DA:251,0
DA:252,0
DA:253,0
DA:255,0
DA:257,0
DA:258,0
DA:259,0
DA:261,0
DA:262,0
DA:264,0
DA:266,0
DA:269,0
DA:270,0
DA:272,0
DA:273,0
DA:274,0
DA:276,0
DA:290,0
DA:292,0
DA:294,0
DA:295,0
DA:297,0
DA:298,0
DA:299,0
DA:301,0
DA:302,0
DA:303,0
DA:308,0
DA:311,0
DA:339,0
LF:135
LH:54
end_of_record
SF:lib/shared/widgets/atmospheric_background.dart
DA:9,2
DA:11,1
DA:13,1
DA:14,1
DA:15,1
DA:17,1
DA:20,1
DA:22,3
DA:26,1
DA:29,1
DA:31,3
DA:35,1
DA:38,1
DA:40,2
DA:45,1
DA:46,1
DA:47,1
DA:48,1
DA:49,1
DA:63,2
DA:65,1
DA:67,1
DA:68,1
DA:69,1
DA:70,1
DA:71,1
DA:72,1
DA:74,1
DA:75,1
DA:86,1
DA:88,1
DA:90,3
DA:91,2
DA:93,6
DA:94,2
DA:95,3
DA:96,3
DA:98,2
DA:102,0
LF:39
LH:38
end_of_record
SF:lib/shared/widgets/kit_ghost.dart
DA:13,1
DA:18,1
DA:28,1
DA:30,1
DA:31,4
DA:33,1
DA:35,1
DA:40,1
DA:41,1
DA:47,1
DA:48,2
DA:49,1
DA:50,1
LF:13
LH:13
end_of_record
SF:lib/shared/widgets/tokens_overlay.dart
DA:8,2
DA:10,1
DA:12,1
DA:14,0
DA:17,0
DA:20,0
LF:6
LH:3
end_of_record
SF:lib/shared/bridge/agent.dart
DA:17,0
DA:23,0
DA:25,0
DA:27,0
DA:30,0
DA:31,0
DA:32,0
DA:33,0
DA:34,0
DA:43,0
DA:51,0
DA:52,0
DA:53,0
DA:59,0
DA:60,0
DA:62,0
DA:63,0
DA:65,0
DA:68,0
LF:19
LH:0
end_of_record
SF:lib/shared/bridge/agent_frb.dart
DA:13,0
DA:14,0
LF:2
LH:0
end_of_record
SF:lib/shared/bridge/build_support.dart
DA:10,0
DA:11,0
DA:14,0
DA:15,0
LF:4
LH:0
end_of_record
SF:lib/shared/bridge/db.dart
DA:19,0
DA:20,0
DA:22,0
DA:23,0
LF:4
LH:0
end_of_record
SF:lib/shared/bridge/embeddings.dart
DA:13,0
DA:18,0
DA:23,0
DA:25,0
DA:29,0
DA:30,0
LF:6
LH:0
end_of_record
SF:lib/shared/bridge/tools.dart
DA:15,0
DA:23,0
DA:35,0
DA:42,0
DA:51,0
DA:57,0
DA:65,1
DA:67,2
DA:72,0
DA:79,0
DA:88,0
DA:94,0
DA:101,0
DA:103,0
DA:105,0
DA:107,0
DA:108,0
DA:110,1
DA:111,2
DA:121,0
DA:130,0
DA:132,0
DA:133,0
DA:134,0
DA:135,0
DA:136,0
DA:137,0
DA:139,0
DA:142,0
DA:143,0
DA:144,0
DA:145,0
DA:146,0
DA:147,0
DA:148,0
DA:149,0
DA:157,0
DA:162,0
DA:163,0
DA:165,0
DA:168,0
DA:169,0
DA:170,0
DA:171,0
DA:184,0
DA:194,0
DA:196,0
DA:197,0
DA:198,0
DA:199,0
DA:200,0
DA:201,0
DA:202,0
DA:204,0
DA:207,0
DA:208,0
DA:209,0
DA:210,0
DA:211,0
DA:212,0
DA:213,0
DA:214,0
DA:215,0
LF:63
LH:4
end_of_record
SF:lib/shared/bridge/frb_generated.io.dart
DA:25,0
DA:32,0
DA:33,0
DA:34,0
DA:36,0
DA:37,0
DA:39,0
DA:40,0
DA:42,0
DA:43,0
DA:45,0
DA:46,0
DA:694,0
DA:695,0
DA:702,0
DA:703,0
DA:705,0
DA:709,0
DA:721,0
DA:725,0
DA:737,0
DA:741,0
DA:753,0
DA:757,0
DA:769,0
DA:773,0
DA:785,0
DA:789,0
DA:801,0
DA:805,0
DA:817,0
DA:821,0
DA:833,0
DA:837,0
DA:849,0
DA:853,0
LF:36
LH:0
end_of_record
SF:lib/shared/bridge/lib.dart
DA:10,0
DA:12,0
LF:2
LH:0
end_of_record
SF:lib/shared/bridge/model_registry.dart
DA:13,0
DA:14,0
DA:16,0
DA:20,0
DA:24,0
DA:25,0
DA:26,0
DA:30,0
DA:32,0
DA:36,0
DA:37,0
DA:38,0
LF:12
LH:0
end_of_record
SF:lib/shared/bridge/receipt.dart
DA:14,0
DA:15,0
DA:16,0
DA:22,0
DA:23,0
DA:24,0
DA:30,0
DA:35,0
DA:36,0
DA:38,0
DA:41,0
DA:42,0
DA:43,0
DA:44,0
DA:54,0
DA:62,0
DA:64,0
DA:65,0
DA:66,0
DA:67,0
DA:68,0
DA:70,0
DA:73,0
DA:74,0
DA:75,0
DA:76,0
DA:77,0
DA:78,0
DA:79,0
LF:29
LH:0
end_of_record
SF:lib/shared/bridge/validators.dart
DA:10,0
DA:11,0
DA:14,0
DA:15,0
DA:18,0
DA:19,0
LF:6
LH:0
end_of_record
SF:lib/shared/bridge/vector_db.dart
DA:17,0
DA:18,0
DA:21,0
DA:26,0
DA:30,0
DA:32,0
DA:36,0
DA:40,0
DA:44,0
DA:45,0
LF:10
LH:0
end_of_record
SF:lib/shared/bridge/summary_bridge.dart
DA:7,1
DA:10,2
DA:11,1
LF:3
LH:3
end_of_record
SF:lib/shared/bridge/transactions_bridge.dart
DA:6,1
DA:8,1
DA:10,1
DA:11,1
DA:15,1
DA:18,1
DA:22,1
DA:25,1
DA:32,1
DA:36,1
DA:40,2
LF:11
LH:11
end_of_record
